PLINK v2.00a3.7LM AVX2 Intel (24 Oct 2022)
Options in effect:
  --out data/SS/g5000/pca
  --pca 40 approx
  --pmerge-list tmp_chrm_list.txt

Hostname: cri22in002
Working directory: /gpfs/data/berg-lab/jgblanc/stratification-data_analysis
Start time: Mon Nov 20 11:15:56 2023

Random number seed: 1700500556
257555 MiB RAM detected; reserving 128777 MiB for main workspace.
Using up to 32 threads (change this with --threads).
--pmerge-list: 22 filesets specified.
--pmerge-list: 5000 samples present.
--pmerge-list: Merged .psam written to data/SS/g5000/pca.psam .
--pmerge-list: 22 .pvar files scanned.
Concatenation job detected.
Concatenating... 145331/145331 variants complete.
Results written to data/SS/g5000/pca.pgen + data/SS/g5000/pca.pvar .
5000 samples (2807 females, 2193 males; 5000 founders) loaded from
data/SS/g5000/pca.psam.
145331 variants loaded from data/SS/g5000/pca.pvar.
Note: No phenotype data present.
Calculating allele frequencies... done.
Warning: "--pca approx" is only recommended for analysis of >5000 samples.
Computing SVD of Krylov matrix... done.
Recovering top PCs from range approximation... done.
--pca approx: Eigenvectors written to data/SS/g5000/pca.eigenvec , and
eigenvalues written to data/SS/g5000/pca.eigenval .

End time: Mon Nov 20 11:17:03 2023
